[21:33:24.769] Global cache location '/Users/kara.brightwell/Library/Caches/typescript/3.8', safe file path '/usr/local/lib/node_modules/typescript/lib/typingsafelist.json', types map path /usr/local/lib/node_modules/typescript/lib/typesmap.json
[21:33:24.770] Processing cache location '/Users/kara.brightwell/Library/Caches/typescript/3.8'
[21:33:24.770] Trying to find '/Users/kara.brightwell/Library/Caches/typescript/3.8/package.json'...
[21:33:24.793] Loaded content of '/Users/kara.brightwell/Library/Caches/typescript/3.8/package.json': {"private":true,"dependencies":{"types-registry":"^0.1.499"},"devDependencies":{"@types/abbrev":"^1.1.1","@types/accepts":"^1.3.5","@types/acorn":"^4.0.5","@types/agent-base":"^4.2.1","@types/ajv-errors":"^1.0.2","@types/ajv-keywords":"^3.4.0","@types/amphtml-validator":"^1.0.1","@types/ansi-styles":"^3.2.1","@types/ansicolors":"0.0.33","@types/anymatch":"^1.3.1","@types/archy":"0.0.31","@types/argparse":"^1.0.38","@types/aria-query":"^3.0.1","@types/arr-diff":"^4.0.0","@types/arr-union":"^3.1.0","@types/array-unique":"^0.3.0","@types/array.prototype.flat":"^1.2.1","@types/asap":"^2.0.0","@types/asn1":"^0.2.0","@types/assert-plus":"^1.0.4","@types/async":"^3.2.3","@types/atob":"^2.1.2","@types/autoprefixer":"^9.7.2","@types/aws4":"^1.5.1","@types/babel-code-frame":"^6.20.2","@types/babel-core":"^6.25.6","@types/babel-plugin-syntax-jsx":"^6.18.0","@types/babel__core":"^7.1.7","@types/babel__preset-env":"^7.9.0","@types/babelify":"^7.3.6","@types/babylon":"^6.16.5","@types/balanced-match":"^1.0.1","@types/base64-js":"^1.2.5","@types/basic-auth":"^1.1.3","@types/bcrypt":"^3.0.0","@types/big.js":"^4.0.5","@types/bindings":"^1.3.0","@types/bl":"^2.1.0","@types/bluebird":"^3.5.30","@types/bn.js":"^4.11.6","@types/body-parser":"^1.19.0","@types/boom":"^7.3.0","@types/brace-expansion":"^1.1.0","@types/braces":"^3.0.0","@types/brorand":"^1.0.30","@types/browserslist":"^4.8.0","@types/buffer-crc32":"^0.2.0","@types/buffer-from":"^1.1.0","@types/buffer-xor":"^2.0.0","@types/bytes":"^3.1.0","@types/caniuse-lite":"^1.0.0","@types/caseless":"^0.12.2","@types/chai":"^4.2.11","@types/chai-html":"^1.3.0","@types/chardet":"^0.8.0","@types/check-error":"^1.0.0","@types/check-types":"^7.3.1","@types/cheerio":"^0.22.18","@types/chownr":"^1.0.0","@types/ci-info":"^2.0.0","@types/cipher-base":"^1.0.0","@types/circular-json":"^0.4.0","@types/classnames":"^2.2.10","@types/clipboard":"^2.0.1","@types/clone":"^0.1.30","@types/co":"^4.6.2","@types/color-convert":"^1.9.0","@types/color-name":"^1.1.1","@types/combined-stream":"^1.0.2","@types/commondir":"^1.0.0","@types/component-emitter":"^1.2.9","@types/compression-webpack-plugin":"^2.0.1","@types/concat-map":"0.0.0","@types/concurrently":"^5.2.1","@types/confusing-browser-globals":"^1.0.0","@types/connect":"^3.4.33","@types/connect-timeout":"0.0.34","@types/contains-path":"^1.0.0","@types/content-disposition":"^0.5.3","@types/content-type":"^1.1.3","@types/convert-source-map":"^1.5.1","@types/cookie":"^0.4.0","@types/cookie-parser":"^1.4.2","@types/cookie-session":"^2.0.39","@types/cookie-signature":"^1.0.3","@types/core-js":"^2.5.3","@types/cors":"^2.8.6","@types/css":"0.0.31","@types/css-tree":"^1.0.3","@types/cssesc":"^3.0.0","@types/csso":"^3.5.1","@types/cssom":"^0.4.1","@types/cssstyle":"^2.2.1","@types/cwise-compiler":"^1.1.2","@types/d":"^1.0.0","@types/dateformat":"^3.0.1","@types/debounce":"^1.2.0","@types/debug":"^4.1.5","@types/decode-uri-component":"^0.2.0","@types/dedent":"^0.7.0","@types/deep-diff":"^1.0.0","@types/deep-equal":"^1.0.1","@types/deep-extend":"^0.4.31","@types/deep-freeze":"^0.1.2","@types/defaults":"^1.0.3","@types/define-properties":"^1.1.3","@types/denodeify":"^1.2.31","@types/depd":"^1.1.32","@types/destroy":"^1.0.0","@types/diff":"^4.0.2","@types/dir-glob":"^2.0.0","@types/dirty-chai":"^2.0.2","@types/doctrine":"0.0.3","@types/domexception":"^2.0.1","@types/domhandler":"^2.4.1","@types/domutils":"^1.7.2","@types/duplexer3":"^0.1.0","@types/ee-first":"^1.1.0","@types/elasticsearch":"^5.0.36","@types/electron-packager":"^14.0.0","@types/element-resize-detector":"^1.1.2","@types/encodeurl":"^1.0.0","@types/entities":"^1.1.1","@types/enzyme":"^3.10.5","@types/enzyme-adapter-react-16":"^1.0.6","@types/errorhandler":"^1.5.0","@types/es-abstract":"^1.16.5","@types/es-to-primitive":"^1.2.2","@types/es6-promisify":"^6.0.0","@types/es6-shim":"^0.31.40","@types/es6-weak-map":"^1.2.0","@types/escape-html":"^1.0.0","@types/escodegen":"0.0.6","@types/eslint":"^7.2.0","@types/eslint-config-prettier":"^6.11.0","@types/eslint-scope":"^3.7.0","@types/eslint-visitor-keys":"^1.0.0","@types/esprima":"^4.0.2","@types/esquery":"^1.0.1","@types/estraverse":"0.0.6","@types/etag":"^1.8.0","@types/event-stream":"^3.3.34","@types/events":"^3.0.0","@types/eventsource":"^1.1.2","@types/exenv":"^1.2.0","@types/exit":"^0.1.31","@types/express":"^4.17.6","@types/express-handlebars":"^3.1.0","@types/extend":"^3.0.1","@types/extsprintf":"^1.4.1","@types/eyes":"^0.1.31","@types/fast-json-stable-stringify":"^2.0.0","@types/fast-levenshtein":"0.0.1","@types/fetch-mock":"^7.3.2","@types/find-root":"^1.1.1","@types/follow-redirects":"^1.8.0","@types/fontfaceobserver":"0.0.6","@types/forever-agent":"^0.6.0","@types/form-serialize":"^0.7.1","@types/fs-extra":"^8.1.0","@types/ftdomdelegate":"0.0.28","@types/function-bind":"^1.1.3","@types/get-caller-file":"^1.0.0","@types/get-value":"^3.0.1","@types/getpass":"^0.1.0","@types/glob":"^7.1.1","@types/glob-parent":"^5.1.0","@types/glob-to-regexp":"^0.4.0","@types/globjoin":"^0.1.0","@types/globule":"^1.1.3","@types/graceful-fs":"^4.1.3","@types/graphlib":"^2.1.5","@types/has":"^1.0.0","@types/has-ansi":"^3.0.0","@types/has-symbols":"^1.0.0","@types/highlight.js":"^9.12.3","@types/hogan.js":"^3.0.0","@types/hosted-git-info":"^3.0.0","@types/html-entities":"^1.2.16","@types/htmlparser2":"^3.10.1","@types/http-aws-es":"^6.0.0","@types/http-errors":"^1.6.3","@types/http-proxy":"^1.17.4","@types/imurmurhash":"^0.1.1","@types/inherits":"0.0.30","@types/ini":"^1.3.30","@types/inquirer":"^6.5.0","@types/internal-slot":"^1.0.1","@types/invariant":"^2.2.33","@types/is-alphanumerical":"^1.0.0","@types/is-buffer":"^2.0.0","@types/is-callable":"^1.1.0","@types/is-ci":"^2.0.0","@types/is-date-object":"^1.0.1","@types/is-finite":"^1.0.0","@types/is-glob":"^4.0.1","@types/is-number":"^7.0.0","@types/is-regex":"^1.0.0","@types/is-typedarray":"^1.0.0","@types/is-windows":"^1.0.0","@types/isarray":"^2.0.0","@types/isexe":"^2.0.0","@types/isomorphic-fetch":"0.0.35","@types/isstream":"^0.1.0","@types/istanbul":"^0.4.30","@types/jasmine":"^3.5.10","@types/jest":"^25.2.2","@types/js-base64":"^2.3.1","@types/js-beautify":"^1.8.2","@types/js-cookie":"^2.2.6","@types/js-yaml":"^3.12.4","@types/jsdom":"^16.2.3","@types/json-parse-better-errors":"^1.0.0","@types/json-schema-traverse":"^0.4.0","@types/json-stringify-safe":"^5.0.0","@types/json5":"0.0.30","@types/jsurl":"^1.2.28","@types/kind-of":"^6.0.0","@types/libxmljs":"^0.18.6","@types/lodash":"^4.14.155","@types/lodash.assignin":"^4.2.6","@types/lodash.bind":"^4.2.6","@types/lodash.debounce":"^4.0.6","@types/lodash.defaults":"^4.2.6","@types/lodash.every":"^4.6.6","@types/lodash.find":"^4.6.6","@types/lodash.foreach":"^4.5.6","@types/lodash.frompairs":"^4.0.6","@types/lodash.get":"^4.4.6","@types/lodash.groupby":"^4.6.6","@types/lodash.has":"^4.5.6","@types/lodash.invertby":"^4.7.6","@types/lodash.isequal":"^4.5.5","@types/lodash.iteratee":"^4.7.6","@types/lodash.keyby":"^4.6.6","@types/lodash.mapvalues":"^4.6.6","@types/lodash.maxby":"^4.6.6","@types/lodash.min":"^4.0.6","@types/lodash.minby":"^4.6.6","@types/lodash.orderby":"^4.6.6","@types/lodash.pad":"^4.5.6","@types/lodash.padend":"^4.6.6","@types/lodash.padstart":"^4.6.6","@types/lodash.pickby":"^4.6.6","@types/lodash.range":"^3.2.6","@types/lodash.reduce":"^4.6.6","@types/lodash.sortby":"^4.7.6","@types/lodash.values":"^4.3.6","@types/lodash.zipobject":"^4.1.6","@types/lodash.zipwith":"^4.2.6","@types/lowlight":"0.0.0","@types/lru-cache":"^5.1.0","@types/md5-file":"^4.0.1","@types/mdx-js__react":"^1.5.2","@types/merge-descriptors":"^1.0.1","@types/merge-stream":"^1.1.2","@types/meteor":"^1.4.47","@types/mime-db":"^1.27.1","@types/mime-types":"^2.1.0","@types/mini-css-extract-plugin":"^0.9.1","@types/minimatch":"^3.0.3","@types/minimist":"^1.2.0","@types/mitm":"^1.3.3","@types/mkdirp":"^1.0.1","@types/mocha":"^7.0.2","@types/morgan":"^1.9.0","@types/ms":"^0.7.31","@types/mute-stream":"0.0.0","@types/natural-compare":"^1.4.0","@types/ndarray":"^1.0.7","@types/negotiator":"^0.6.1","@types/nice-try":"^2.0.0","@types/node-fetch":"^2.5.7","@types/node-sass":"^4.11.0","@types/nodemon":"^1.19.0","@types/nopt":"^3.0.29","@types/normalize-path":"^3.0.0","@types/object-assign":"^4.0.30","@types/object-hash":"^1.3.3","@types/object-inspect":"^1.6.1","@types/object-keys":"^1.0.1","@types/on-finished":"^2.3.1","@types/on-headers":"^1.0.0","@types/once":"^1.4.0","@types/os-tmpdir":"^1.0.0","@types/parcel-bundler":"^1.12.1","@types/parse-json":"^4.0.0","@types/path-is-absolute":"^1.0.0","@types/path-is-inside":"^1.0.0","@types/path-parse":"^1.0.19","@types/picomatch":"^2.2.1","@types/pify":"^3.0.2","@types/pluralize":"0.0.29","@types/prelude-ls":"^1.1.29","@types/prettier":"^2.0.1","@types/progress":"^2.0.3","@types/prop-types":"^15.7.3","@types/proxyquire":"^1.3.28","@types/punycode":"^2.1.0","@types/puppeteer":"^2.0.1","@types/raf":"^3.4.0","@types/raven":"^2.5.3","@types/react":"^16.9.38","@types/react-dom":"^16.9.8","@types/react-grid-layout":"^0.17.1","@types/react-helmet":"^6.0.0","@types/react-is":"^16.7.1","@types/react-modal":"^3.10.5","@types/react-popover":"^0.5.3","@types/react-portal":"^4.0.2","@types/react-resizable":"^1.7.2","@types/react-test-renderer":"^16.9.2","@types/request":"^2.48.4","@types/require-directory":"^2.1.1","@types/resolve":"^1.17.1","@types/rimraf":"^3.0.0","@types/rss":"0.0.28","@types/run-parallel":"^1.1.0","@types/rx-lite":"^4.0.6","@types/rx-lite-aggregates":"^4.0.3","@types/safer-buffer":"^2.1.0","@types/sanitize-html":"^1.23.0","@types/sass":"^1.16.0","@types/sass-loader":"^8.0.0","@types/seedrandom":"^2.4.28","@types/semver":"^7.2.0","@types/semver-compare":"^1.0.1","@types/serialize-javascript":"^1.5.0","@types/serve-static":"^1.13.3","@types/serverless":"^1.67.2","@types/shebang-command":"^1.2.0","@types/signal-exit":"^3.0.0","@types/sinon":"^9.0.4","@types/sinon-chai":"^3.2.4","@types/sprintf":"^0.1.0","@types/stack-trace":"0.0.29","@types/statuses":"^1.5.0","@types/string-hash":"^1.1.1","@types/strong-cluster-control":"^2.2.3","@types/styled-components":"^5.1.0","@types/stylelint":"^9.10.1","@types/superagent":"^4.1.7","@types/supertest":"^2.0.9","@types/throng":"^4.0.2","@types/tmp":"^0.2.0","@types/tryer":"^1.0.1","@types/ua-parser-js":"^0.7.33","@types/underscore.string":"0.0.38","@types/uuid":"^7.0.2","@types/vec3":"0.0.29","@types/webpack":"^4.41.17","@types/webpack-assets-manifest":"^3.0.1","@types/xml2js":"^0.4.5","@types/yargs":"^15.0.5"}}
[21:33:24.793] Loaded content of '/Users/kara.brightwell/Library/Caches/typescript/3.8/package-lock.json'
[21:33:24.804] Adding entry into typings cache: 'abbrev' => '/Users/kara.brightwell/Library/Caches/typescript/3.8/node_modules/@types/abbrev/index.d.ts'
[21:33:24.812] Adding entry into typings cache: 'accepts' => '/Users/kara.brightwell/Library/Caches/typescript/3.8/node_modules/@types/accepts/index.d.ts'
[21:33:24.816] Adding entry into typings cache: 'acorn' => '/Users/kara.brightwell/Library/Caches/typescript/3.8/node_modules/@types/acorn/index.d.ts'
[21:33:24.820] Adding entry into typings cache: 'agent-base' => '/Users/kara.brightwell/Library/Caches/typescript/3.8/node_modules/@types/agent-base/index.d.ts'
[21:33:24.824] Adding entry into typings cache: 'ajv-errors' => '/Users/kara.brightwell/Library/Caches/typescript/3.8/node_modules/@types/ajv-errors/index.d.ts'
[21:33:24.831] Adding entry into typings cache: 'ajv-keywords' => '/Users/kara.brightwell/Library/Caches/typescript/3.8/node_modules/@types/ajv-keywords/index.d.ts'
[21:33:24.840] Adding entry into typings cache: 'amphtml-validator' => '/Users/kara.brightwell/Library/Caches/typescript/3.8/node_modules/@types/amphtml-validator/index.d.ts'
[21:33:24.877] Adding entry into typings cache: 'ansi-styles' => '/Users/kara.brightwell/Library/Caches/typescript/3.8/node_modules/@types/ansi-styles/index.d.ts'
[21:33:24.883] Adding entry into typings cache: 'ansicolors' => '/Users/kara.brightwell/Library/Caches/typescript/3.8/node_modules/@types/ansicolors/index.d.ts'
[21:33:24.887] Adding entry into typings cache: 'anymatch' => '/Users/kara.brightwell/Library/Caches/typescript/3.8/node_modules/@types/anymatch/index.d.ts'
[21:33:24.894] Adding entry into typings cache: 'archy' => '/Users/kara.brightwell/Library/Caches/typescript/3.8/node_modules/@types/archy/index.d.ts'
[21:33:24.900] Adding entry into typings cache: 'argparse' => '/Users/kara.brightwell/Library/Caches/typescript/3.8/node_modules/@types/argparse/index.d.ts'
[21:33:24.903] Adding entry into typings cache: 'aria-query' => '/Users/kara.brightwell/Library/Caches/typescript/3.8/node_modules/@types/aria-query/index.d.ts'
[21:33:24.907] Adding entry into typings cache: 'arr-diff' => '/Users/kara.brightwell/Library/Caches/typescript/3.8/node_modules/@types/arr-diff/index.d.ts'
[21:33:24.912] Adding entry into typings cache: 'arr-union' => '/Users/kara.brightwell/Library/Caches/typescript/3.8/node_modules/@types/arr-union/index.d.ts'
[21:33:24.916] Adding entry into typings cache: 'array-unique' => '/Users/kara.brightwell/Library/Caches/typescript/3.8/node_modules/@types/array-unique/index.d.ts'
[21:33:24.925] Adding entry into typings cache: 'array.prototype.flat' => '/Users/kara.brightwell/Library/Caches/typescript/3.8/node_modules/@types/array.prototype.flat/index.d.ts'
[21:33:24.928] Adding entry into typings cache: 'asap' => '/Users/kara.brightwell/Library/Caches/typescript/3.8/node_modules/@types/asap/index.d.ts'
[21:33:24.937] Adding entry into typings cache: 'asn1' => '/Users/kara.brightwell/Library/Caches/typescript/3.8/node_modules/@types/asn1/index.d.ts'
[21:33:24.942] Adding entry into typings cache: 'assert-plus' => '/Users/kara.brightwell/Library/Caches/typescript/3.8/node_modules/@types/assert-plus/index.d.ts'
[21:33:24.946] Adding entry into typings cache: 'async' => '/Users/kara.brightwell/Library/Caches/typescript/3.8/node_modules/@types/async/index.d.ts'
[21:33:24.950] Adding entry into typings cache: 'atob' => '/Users/kara.brightwell/Library/Caches/typescript/3.8/node_modules/@types/atob/index.d.ts'
[21:33:24.953] Adding entry into typings cache: 'autoprefixer' => '/Users/kara.brightwell/Library/Caches/typescript/3.8/node_modules/@types/autoprefixer/index.d.ts'
[21:33:24.956] Adding entry into typings cache: 'aws4' => '/Users/kara.brightwell/Library/Caches/typescript/3.8/node_modules/@types/aws4/index.d.ts'
[21:33:24.964] Adding entry into typings cache: 'babel-code-frame' => '/Users/kara.brightwell/Library/Caches/typescript/3.8/node_modules/@types/babel-code-frame/index.d.ts'
[21:33:24.969] Adding entry into typings cache: 'babel-core' => '/Users/kara.brightwell/Library/Caches/typescript/3.8/node_modules/@types/babel-core/index.d.ts'
[21:33:24.973] Adding entry into typings cache: 'babel-plugin-syntax-jsx' => '/Users/kara.brightwell/Library/Caches/typescript/3.8/node_modules/@types/babel-plugin-syntax-jsx/index.d.ts'
[21:33:24.979] Adding entry into typings cache: 'babel__core' => '/Users/kara.brightwell/Library/Caches/typescript/3.8/node_modules/@types/babel__core/index.d.ts'
[21:33:24.983] Adding entry into typings cache: 'babel__preset-env' => '/Users/kara.brightwell/Library/Caches/typescript/3.8/node_modules/@types/babel__preset-env/index.d.ts'
[21:33:24.987] Adding entry into typings cache: 'babelify' => '/Users/kara.brightwell/Library/Caches/typescript/3.8/node_modules/@types/babelify/index.d.ts'
[21:33:24.990] Adding entry into typings cache: 'babylon' => '/Users/kara.brightwell/Library/Caches/typescript/3.8/node_modules/@types/babylon/index.d.ts'
[21:33:24.993] Adding entry into typings cache: 'balanced-match' => '/Users/kara.brightwell/Library/Caches/typescript/3.8/node_modules/@types/balanced-match/index.d.ts'
[21:33:25.0] Adding entry into typings cache: 'base64-js' => '/Users/kara.brightwell/Library/Caches/typescript/3.8/node_modules/@types/base64-js/index.d.ts'
[21:33:25.3] Adding entry into typings cache: 'basic-auth' => '/Users/kara.brightwell/Library/Caches/typescript/3.8/node_modules/@types/basic-auth/index.d.ts'
[21:33:25.6] Adding entry into typings cache: 'bcrypt' => '/Users/kara.brightwell/Library/Caches/typescript/3.8/node_modules/@types/bcrypt/index.d.ts'
[21:33:25.9] Adding entry into typings cache: 'big.js' => '/Users/kara.brightwell/Library/Caches/typescript/3.8/node_modules/@types/big.js/index.d.ts'
[21:33:25.13] Adding entry into typings cache: 'bindings' => '/Users/kara.brightwell/Library/Caches/typescript/3.8/node_modules/@types/bindings/index.d.ts'
[21:33:25.16] Adding entry into typings cache: 'bl' => '/Users/kara.brightwell/Library/Caches/typescript/3.8/node_modules/@types/bl/index.d.ts'
[21:33:25.24] Adding entry into typings cache: 'bluebird' => '/Users/kara.brightwell/Library/Caches/typescript/3.8/node_modules/@types/bluebird/index.d.ts'
[21:33:25.28] Adding entry into typings cache: 'bn.js' => '/Users/kara.brightwell/Library/Caches/typescript/3.8/node_modules/@types/bn.js/index.d.ts'
[21:33:25.36] Adding entry into typings cache: 'body-parser' => '/Users/kara.brightwell/Library/Caches/typescript/3.8/node_modules/@types/body-parser/index.d.ts'
[21:33:25.40] Adding entry into typings cache: 'boom' => '/Users/kara.brightwell/Library/Caches/typescript/3.8/node_modules/@types/boom/index.d.ts'
[21:33:25.43] Adding entry into typings cache: 'brace-expansion' => '/Users/kara.brightwell/Library/Caches/typescript/3.8/node_modules/@types/brace-expansion/index.d.ts'
[21:33:25.46] Adding entry into typings cache: 'braces' => '/Users/kara.brightwell/Library/Caches/typescript/3.8/node_modules/@types/braces/index.d.ts'
[21:33:25.49] Adding entry into typings cache: 'brorand' => '/Users/kara.brightwell/Library/Caches/typescript/3.8/node_modules/@types/brorand/index.d.ts'
[21:33:25.52] Adding entry into typings cache: 'browserslist' => '/Users/kara.brightwell/Library/Caches/typescript/3.8/node_modules/@types/browserslist/index.d.ts'
[21:33:25.55] Adding entry into typings cache: 'buffer-crc32' => '/Users/kara.brightwell/Library/Caches/typescript/3.8/node_modules/@types/buffer-crc32/index.d.ts'
[21:33:25.58] Adding entry into typings cache: 'buffer-from' => '/Users/kara.brightwell/Library/Caches/typescript/3.8/node_modules/@types/buffer-from/index.d.ts'
[21:33:25.60] Adding entry into typings cache: 'buffer-xor' => '/Users/kara.brightwell/Library/Caches/typescript/3.8/node_modules/@types/buffer-xor/index.d.ts'
[21:33:25.64] Adding entry into typings cache: 'bytes' => '/Users/kara.brightwell/Library/Caches/typescript/3.8/node_modules/@types/bytes/index.d.ts'
[21:33:25.66] Adding entry into typings cache: 'caniuse-lite' => '/Users/kara.brightwell/Library/Caches/typescript/3.8/node_modules/@types/caniuse-lite/index.d.ts'
[21:33:25.69] Adding entry into typings cache: 'caseless' => '/Users/kara.brightwell/Library/Caches/typescript/3.8/node_modules/@types/caseless/index.d.ts'
[21:33:25.72] Adding entry into typings cache: 'chai' => '/Users/kara.brightwell/Library/Caches/typescript/3.8/node_modules/@types/chai/index.d.ts'
[21:33:25.75] Adding entry into typings cache: 'chai-html' => '/Users/kara.brightwell/Library/Caches/typescript/3.8/node_modules/@types/chai-html/index.d.ts'
[21:33:25.79] Adding entry into typings cache: 'chardet' => '/Users/kara.brightwell/Library/Caches/typescript/3.8/node_modules/@types/chardet/index.d.ts'
[21:33:25.81] Adding entry into typings cache: 'check-error' => '/Users/kara.brightwell/Library/Caches/typescript/3.8/node_modules/@types/check-error/index.d.ts'
[21:33:25.84] Adding entry into typings cache: 'check-types' => '/Users/kara.brightwell/Library/Caches/typescript/3.8/node_modules/@types/check-types/index.d.ts'
[21:33:25.87] Adding entry into typings cache: 'cheerio' => '/Users/kara.brightwell/Library/Caches/typescript/3.8/node_modules/@types/cheerio/index.d.ts'
[21:33:25.89] Adding entry into typings cache: 'chownr' => '/Users/kara.brightwell/Library/Caches/typescript/3.8/node_modules/@types/chownr/index.d.ts'
[21:33:25.92] Adding entry into typings cache: 'ci-info' => '/Users/kara.brightwell/Library/Caches/typescript/3.8/node_modules/@types/ci-info/index.d.ts'
[21:33:25.94] Adding entry into typings cache: 'cipher-base' => '/Users/kara.brightwell/Library/Caches/typescript/3.8/node_modules/@types/cipher-base/index.d.ts'
[21:33:25.97] Adding entry into typings cache: 'circular-json' => '/Users/kara.brightwell/Library/Caches/typescript/3.8/node_modules/@types/circular-json/index.d.ts'
[21:33:25.100] Adding entry into typings cache: 'classnames' => '/Users/kara.brightwell/Library/Caches/typescript/3.8/node_modules/@types/classnames/index.d.ts'
[21:33:25.102] Adding entry into typings cache: 'clipboard' => '/Users/kara.brightwell/Library/Caches/typescript/3.8/node_modules/@types/clipboard/index.d.ts'
[21:33:25.105] Adding entry into typings cache: 'clone' => '/Users/kara.brightwell/Library/Caches/typescript/3.8/node_modules/@types/clone/index.d.ts'
[21:33:25.108] Adding entry into typings cache: 'co' => '/Users/kara.brightwell/Library/Caches/typescript/3.8/node_modules/@types/co/index.d.ts'
[21:33:25.113] Adding entry into typings cache: 'color-convert' => '/Users/kara.brightwell/Library/Caches/typescript/3.8/node_modules/@types/color-convert/index.d.ts'
[21:33:25.118] Adding entry into typings cache: 'color-name' => '/Users/kara.brightwell/Library/Caches/typescript/3.8/node_modules/@types/color-name/index.d.ts'
[21:33:25.126] Adding entry into typings cache: 'combined-stream' => '/Users/kara.brightwell/Library/Caches/typescript/3.8/node_modules/@types/combined-stream/index.d.ts'
[21:33:25.130] Adding entry into typings cache: 'commondir' => '/Users/kara.brightwell/Library/Caches/typescript/3.8/node_modules/@types/commondir/index.d.ts'
[21:33:25.132] Adding entry into typings cache: 'component-emitter' => '/Users/kara.brightwell/Library/Caches/typescript/3.8/node_modules/@types/component-emitter/index.d.ts'
[21:33:25.135] Adding entry into typings cache: 'compression-webpack-plugin' => '/Users/kara.brightwell/Library/Caches/typescript/3.8/node_modules/@types/compression-webpack-plugin/index.d.ts'
[21:33:25.139] Adding entry into typings cache: 'concat-map' => '/Users/kara.brightwell/Library/Caches/typescript/3.8/node_modules/@types/concat-map/index.d.ts'
[21:33:25.146] Adding entry into typings cache: 'concurrently' => '/Users/kara.brightwell/Library/Caches/typescript/3.8/node_modules/@types/concurrently/index.d.ts'
[21:33:25.150] Adding entry into typings cache: 'confusing-browser-globals' => '/Users/kara.brightwell/Library/Caches/typescript/3.8/node_modules/@types/confusing-browser-globals/index.d.ts'
[21:33:25.155] Adding entry into typings cache: 'connect' => '/Users/kara.brightwell/Library/Caches/typescript/3.8/node_modules/@types/connect/index.d.ts'
[21:33:25.158] Adding entry into typings cache: 'connect-timeout' => '/Users/kara.brightwell/Library/Caches/typescript/3.8/node_modules/@types/connect-timeout/index.d.ts'
[21:33:25.162] Adding entry into typings cache: 'contains-path' => '/Users/kara.brightwell/Library/Caches/typescript/3.8/node_modules/@types/contains-path/index.d.ts'
[21:33:25.168] Adding entry into typings cache: 'content-disposition' => '/Users/kara.brightwell/Library/Caches/typescript/3.8/node_modules/@types/content-disposition/index.d.ts'
[21:33:25.174] Adding entry into typings cache: 'content-type' => '/Users/kara.brightwell/Library/Caches/typescript/3.8/node_modules/@types/content-type/index.d.ts'
[21:33:25.189] Adding entry into typings cache: 'convert-source-map' => '/Users/kara.brightwell/Library/Caches/typescript/3.8/node_modules/@types/convert-source-map/index.d.ts'
[21:33:25.192] Adding entry into typings cache: 'cookie' => '/Users/kara.brightwell/Library/Caches/typescript/3.8/node_modules/@types/cookie/index.d.ts'
[21:33:25.195] Adding entry into typings cache: 'cookie-parser' => '/Users/kara.brightwell/Library/Caches/typescript/3.8/node_modules/@types/cookie-parser/index.d.ts'
[21:33:25.199] Adding entry into typings cache: 'cookie-session' => '/Users/kara.brightwell/Library/Caches/typescript/3.8/node_modules/@types/cookie-session/index.d.ts'
[21:33:25.202] Adding entry into typings cache: 'cookie-signature' => '/Users/kara.brightwell/Library/Caches/typescript/3.8/node_modules/@types/cookie-signature/index.d.ts'
[21:33:25.207] Adding entry into typings cache: 'core-js' => '/Users/kara.brightwell/Library/Caches/typescript/3.8/node_modules/@types/core-js/index.d.ts'
[21:33:25.210] Adding entry into typings cache: 'cors' => '/Users/kara.brightwell/Library/Caches/typescript/3.8/node_modules/@types/cors/index.d.ts'
[21:33:25.212] Adding entry into typings cache: 'css' => '/Users/kara.brightwell/Library/Caches/typescript/3.8/node_modules/@types/css/index.d.ts'
[21:33:25.216] Adding entry into typings cache: 'css-tree' => '/Users/kara.brightwell/Library/Caches/typescript/3.8/node_modules/@types/css-tree/index.d.ts'
[21:33:25.218] Adding entry into typings cache: 'cssesc' => '/Users/kara.brightwell/Library/Caches/typescript/3.8/node_modules/@types/cssesc/index.d.ts'
[21:33:25.222] Adding entry into typings cache: 'csso' => '/Users/kara.brightwell/Library/Caches/typescript/3.8/node_modules/@types/csso/index.d.ts'
[21:33:25.224] Adding entry into typings cache: 'cssom' => '/Users/kara.brightwell/Library/Caches/typescript/3.8/node_modules/@types/cssom/index.d.ts'
[21:33:25.228] Adding entry into typings cache: 'cssstyle' => '/Users/kara.brightwell/Library/Caches/typescript/3.8/node_modules/@types/cssstyle/index.d.ts'
[21:33:25.230] Adding entry into typings cache: 'cwise-compiler' => '/Users/kara.brightwell/Library/Caches/typescript/3.8/node_modules/@types/cwise-compiler/index.d.ts'
[21:33:25.233] Adding entry into typings cache: 'd' => '/Users/kara.brightwell/Library/Caches/typescript/3.8/node_modules/@types/d/index.d.ts'
[21:33:25.238] Adding entry into typings cache: 'dateformat' => '/Users/kara.brightwell/Library/Caches/typescript/3.8/node_modules/@types/dateformat/index.d.ts'
[21:33:25.241] Adding entry into typings cache: 'debounce' => '/Users/kara.brightwell/Library/Caches/typescript/3.8/node_modules/@types/debounce/index.d.ts'
[21:33:25.246] Adding entry into typings cache: 'debug' => '/Users/kara.brightwell/Library/Caches/typescript/3.8/node_modules/@types/debug/index.d.ts'
[21:33:25.249] Adding entry into typings cache: 'decode-uri-component' => '/Users/kara.brightwell/Library/Caches/typescript/3.8/node_modules/@types/decode-uri-component/index.d.ts'
[21:33:25.252] Adding entry into typings cache: 'dedent' => '/Users/kara.brightwell/Library/Caches/typescript/3.8/node_modules/@types/dedent/index.d.ts'
[21:33:25.255] Adding entry into typings cache: 'deep-diff' => '/Users/kara.brightwell/Library/Caches/typescript/3.8/node_modules/@types/deep-diff/index.d.ts'
[21:33:25.260] Adding entry into typings cache: 'deep-equal' => '/Users/kara.brightwell/Library/Caches/typescript/3.8/node_modules/@types/deep-equal/index.d.ts'
[21:33:25.263] Adding entry into typings cache: 'deep-extend' => '/Users/kara.brightwell/Library/Caches/typescript/3.8/node_modules/@types/deep-extend/index.d.ts'
[21:33:25.267] Adding entry into typings cache: 'deep-freeze' => '/Users/kara.brightwell/Library/Caches/typescript/3.8/node_modules/@types/deep-freeze/index.d.ts'
[21:33:25.272] Adding entry into typings cache: 'defaults' => '/Users/kara.brightwell/Library/Caches/typescript/3.8/node_modules/@types/defaults/index.d.ts'
[21:33:25.278] Adding entry into typings cache: 'define-properties' => '/Users/kara.brightwell/Library/Caches/typescript/3.8/node_modules/@types/define-properties/index.d.ts'
[21:33:25.281] Adding entry into typings cache: 'denodeify' => '/Users/kara.brightwell/Library/Caches/typescript/3.8/node_modules/@types/denodeify/index.d.ts'
[21:33:25.284] Adding entry into typings cache: 'depd' => '/Users/kara.brightwell/Library/Caches/typescript/3.8/node_modules/@types/depd/index.d.ts'
[21:33:25.286] Adding entry into typings cache: 'destroy' => '/Users/kara.brightwell/Library/Caches/typescript/3.8/node_modules/@types/destroy/index.d.ts'
[21:33:25.292] Adding entry into typings cache: 'diff' => '/Users/kara.brightwell/Library/Caches/typescript/3.8/node_modules/@types/diff/index.d.ts'
[21:33:25.295] Adding entry into typings cache: 'dir-glob' => '/Users/kara.brightwell/Library/Caches/typescript/3.8/node_modules/@types/dir-glob/index.d.ts'
[21:33:25.297] Adding entry into typings cache: 'dirty-chai' => '/Users/kara.brightwell/Library/Caches/typescript/3.8/node_modules/@types/dirty-chai/index.d.ts'
[21:33:25.302] Adding entry into typings cache: 'doctrine' => '/Users/kara.brightwell/Library/Caches/typescript/3.8/node_modules/@types/doctrine/index.d.ts'
[21:33:25.305] Adding entry into typings cache: 'domexception' => '/Users/kara.brightwell/Library/Caches/typescript/3.8/node_modules/@types/domexception/index.d.ts'
[21:33:25.308] Adding entry into typings cache: 'domhandler' => '/Users/kara.brightwell/Library/Caches/typescript/3.8/node_modules/domhandler/lib/index.d.ts'
[21:33:25.311] Adding entry into typings cache: 'domutils' => '/Users/kara.brightwell/Library/Caches/typescript/3.8/node_modules/domutils/lib/index.d.ts'
[21:33:25.320] Adding entry into typings cache: 'duplexer3' => '/Users/kara.brightwell/Library/Caches/typescript/3.8/node_modules/@types/duplexer3/index.d.ts'
[21:33:25.323] Adding entry into typings cache: 'ee-first' => '/Users/kara.brightwell/Library/Caches/typescript/3.8/node_modules/@types/ee-first/index.d.ts'
[21:33:25.326] Adding entry into typings cache: 'elasticsearch' => '/Users/kara.brightwell/Library/Caches/typescript/3.8/node_modules/@types/elasticsearch/index.d.ts'
[21:33:25.329] Adding entry into typings cache: 'electron-packager' => '/Users/kara.brightwell/Library/Caches/typescript/3.8/node_modules/@types/electron-packager/index.d.ts'
[21:33:25.341] Adding entry into typings cache: 'element-resize-detector' => '/Users/kara.brightwell/Library/Caches/typescript/3.8/node_modules/@types/element-resize-detector/index.d.ts'
[21:33:25.352] Adding entry into typings cache: 'encodeurl' => '/Users/kara.brightwell/Library/Caches/typescript/3.8/node_modules/@types/encodeurl/index.d.ts'
[21:33:25.359] Adding entry into typings cache: 'entities' => '/Users/kara.brightwell/Library/Caches/typescript/3.8/node_modules/entities/lib/index.d.ts'
[21:33:25.369] Adding entry into typings cache: 'enzyme' => '/Users/kara.brightwell/Library/Caches/typescript/3.8/node_modules/@types/enzyme/index.d.ts'
[21:33:25.372] Adding entry into typings cache: 'enzyme-adapter-react-16' => '/Users/kara.brightwell/Library/Caches/typescript/3.8/node_modules/@types/enzyme-adapter-react-16/index.d.ts'
[21:33:25.375] Adding entry into typings cache: 'errorhandler' => '/Users/kara.brightwell/Library/Caches/typescript/3.8/node_modules/@types/errorhandler/index.d.ts'
[21:33:25.384] Adding entry into typings cache: 'es-abstract' => '/Users/kara.brightwell/Library/Caches/typescript/3.8/node_modules/@types/es-abstract/index.d.ts'
[21:33:25.388] Adding entry into typings cache: 'es-to-primitive' => '/Users/kara.brightwell/Library/Caches/typescript/3.8/node_modules/@types/es-to-primitive/ts3.2/index.d.ts'
[21:33:25.391] Adding entry into typings cache: 'es6-promisify' => '/Users/kara.brightwell/Library/Caches/typescript/3.8/node_modules/@types/es6-promisify/index.d.ts'
[21:33:25.394] Adding entry into typings cache: 'es6-shim' => '/Users/kara.brightwell/Library/Caches/typescript/3.8/node_modules/@types/es6-shim/ts3.1/index.d.ts'
[21:33:25.398] Adding entry into typings cache: 'es6-weak-map' => '/Users/kara.brightwell/Library/Caches/typescript/3.8/node_modules/@types/es6-weak-map/index.d.ts'
[21:33:25.400] Adding entry into typings cache: 'escape-html' => '/Users/kara.brightwell/Library/Caches/typescript/3.8/node_modules/@types/escape-html/index.d.ts'
[21:33:25.402] Adding entry into typings cache: 'escodegen' => '/Users/kara.brightwell/Library/Caches/typescript/3.8/node_modules/@types/escodegen/index.d.ts'
[21:33:25.405] Adding entry into typings cache: 'eslint' => '/Users/kara.brightwell/Library/Caches/typescript/3.8/node_modules/@types/eslint/ts3.1/index.d.ts'
[21:33:25.408] Adding entry into typings cache: 'eslint-config-prettier' => '/Users/kara.brightwell/Library/Caches/typescript/3.8/node_modules/@types/eslint-config-prettier/index.d.ts'
[21:33:25.410] Adding entry into typings cache: 'eslint-scope' => '/Users/kara.brightwell/Library/Caches/typescript/3.8/node_modules/@types/eslint-scope/index.d.ts'
[21:33:25.413] Adding entry into typings cache: 'eslint-visitor-keys' => '/Users/kara.brightwell/Library/Caches/typescript/3.8/node_modules/@types/eslint-visitor-keys/index.d.ts'
[21:33:25.416] Adding entry into typings cache: 'esprima' => '/Users/kara.brightwell/Library/Caches/typescript/3.8/node_modules/@types/esprima/index.d.ts'
[21:33:25.419] Adding entry into typings cache: 'esquery' => '/Users/kara.brightwell/Library/Caches/typescript/3.8/node_modules/@types/esquery/index.d.ts'
[21:33:25.422] Adding entry into typings cache: 'estraverse' => '/Users/kara.brightwell/Library/Caches/typescript/3.8/node_modules/@types/estraverse/index.d.ts'
[21:33:25.424] Adding entry into typings cache: 'etag' => '/Users/kara.brightwell/Library/Caches/typescript/3.8/node_modules/@types/etag/index.d.ts'
[21:33:25.426] Adding entry into typings cache: 'event-stream' => '/Users/kara.brightwell/Library/Caches/typescript/3.8/node_modules/@types/event-stream/index.d.ts'
[21:33:25.428] Adding entry into typings cache: 'events' => '/Users/kara.brightwell/Library/Caches/typescript/3.8/node_modules/@types/events/index.d.ts'
[21:33:25.430] Adding entry into typings cache: 'eventsource' => '/Users/kara.brightwell/Library/Caches/typescript/3.8/node_modules/@types/eventsource/index.d.ts'
[21:33:25.434] Adding entry into typings cache: 'exenv' => '/Users/kara.brightwell/Library/Caches/typescript/3.8/node_modules/@types/exenv/index.d.ts'
[21:33:25.436] Adding entry into typings cache: 'exit' => '/Users/kara.brightwell/Library/Caches/typescript/3.8/node_modules/@types/exit/index.d.ts'
[21:33:25.439] Adding entry into typings cache: 'express' => '/Users/kara.brightwell/Library/Caches/typescript/3.8/node_modules/@types/express/index.d.ts'
[21:33:25.441] Adding entry into typings cache: 'express-handlebars' => '/Users/kara.brightwell/Library/Caches/typescript/3.8/node_modules/@types/express-handlebars/index.d.ts'
[21:33:25.444] Adding entry into typings cache: 'extend' => '/Users/kara.brightwell/Library/Caches/typescript/3.8/node_modules/@types/extend/index.d.ts'
[21:33:25.446] Adding entry into typings cache: 'extsprintf' => '/Users/kara.brightwell/Library/Caches/typescript/3.8/node_modules/@types/extsprintf/index.d.ts'
[21:33:25.449] Adding entry into typings cache: 'eyes' => '/Users/kara.brightwell/Library/Caches/typescript/3.8/node_modules/@types/eyes/index.d.ts'
[21:33:25.451] Adding entry into typings cache: 'fast-json-stable-stringify' => '/Users/kara.brightwell/Library/Caches/typescript/3.8/node_modules/fast-json-stable-stringify/index.d.ts'
[21:33:25.453] Adding entry into typings cache: 'fast-levenshtein' => '/Users/kara.brightwell/Library/Caches/typescript/3.8/node_modules/@types/fast-levenshtein/index.d.ts'
[21:33:25.456] Adding entry into typings cache: 'fetch-mock' => '/Users/kara.brightwell/Library/Caches/typescript/3.8/node_modules/@types/fetch-mock/index.d.ts'
[21:33:25.459] Adding entry into typings cache: 'find-root' => '/Users/kara.brightwell/Library/Caches/typescript/3.8/node_modules/@types/find-root/index.d.ts'
[21:33:25.461] Adding entry into typings cache: 'follow-redirects' => '/Users/kara.brightwell/Library/Caches/typescript/3.8/node_modules/@types/follow-redirects/index.d.ts'
[21:33:25.466] Adding entry into typings cache: 'fontfaceobserver' => '/Users/kara.brightwell/Library/Caches/typescript/3.8/node_modules/@types/fontfaceobserver/index.d.ts'
[21:33:25.468] Adding entry into typings cache: 'forever-agent' => '/Users/kara.brightwell/Library/Caches/typescript/3.8/node_modules/@types/forever-agent/index.d.ts'
[21:33:25.471] Adding entry into typings cache: 'form-serialize' => '/Users/kara.brightwell/Library/Caches/typescript/3.8/node_modules/@types/form-serialize/index.d.ts'
[21:33:25.475] Adding entry into typings cache: 'fs-extra' => '/Users/kara.brightwell/Library/Caches/typescript/3.8/node_modules/@types/fs-extra/index.d.ts'
[21:33:25.478] Adding entry into typings cache: 'ftdomdelegate' => '/Users/kara.brightwell/Library/Caches/typescript/3.8/node_modules/@types/ftdomdelegate/index.d.ts'
[21:33:25.480] Adding entry into typings cache: 'function-bind' => '/Users/kara.brightwell/Library/Caches/typescript/3.8/node_modules/@types/function-bind/ts3.3/index.d.ts'
[21:33:25.483] Adding entry into typings cache: 'get-caller-file' => '/Users/kara.brightwell/Library/Caches/typescript/3.8/node_modules/@types/get-caller-file/index.d.ts'
[21:33:25.486] Adding entry into typings cache: 'get-value' => '/Users/kara.brightwell/Library/Caches/typescript/3.8/node_modules/@types/get-value/index.d.ts'
[21:33:25.491] Adding entry into typings cache: 'getpass' => '/Users/kara.brightwell/Library/Caches/typescript/3.8/node_modules/@types/getpass/index.d.ts'
[21:33:25.493] Adding entry into typings cache: 'glob' => '/Users/kara.brightwell/Library/Caches/typescript/3.8/node_modules/@types/glob/index.d.ts'
[21:33:25.496] Adding entry into typings cache: 'glob-parent' => '/Users/kara.brightwell/Library/Caches/typescript/3.8/node_modules/@types/glob-parent/index.d.ts'
[21:33:25.498] Adding entry into typings cache: 'glob-to-regexp' => '/Users/kara.brightwell/Library/Caches/typescript/3.8/node_modules/@types/glob-to-regexp/index.d.ts'
[21:33:25.500] Adding entry into typings cache: 'globjoin' => '/Users/kara.brightwell/Library/Caches/typescript/3.8/node_modules/@types/globjoin/index.d.ts'
[21:33:25.502] Adding entry into typings cache: 'globule' => '/Users/kara.brightwell/Library/Caches/typescript/3.8/node_modules/@types/globule/index.d.ts'
[21:33:25.507] Adding entry into typings cache: 'graceful-fs' => '/Users/kara.brightwell/Library/Caches/typescript/3.8/node_modules/@types/graceful-fs/index.d.ts'
[21:33:25.510] Adding entry into typings cache: 'graphlib' => '/Users/kara.brightwell/Library/Caches/typescript/3.8/node_modules/@types/graphlib/index.d.ts'
[21:33:25.512] Adding entry into typings cache: 'has' => '/Users/kara.brightwell/Library/Caches/typescript/3.8/node_modules/@types/has/index.d.ts'
[21:33:25.514] Adding entry into typings cache: 'has-ansi' => '/Users/kara.brightwell/Library/Caches/typescript/3.8/node_modules/@types/has-ansi/index.d.ts'
[21:33:25.517] Adding entry into typings cache: 'has-symbols' => '/Users/kara.brightwell/Library/Caches/typescript/3.8/node_modules/@types/has-symbols/index.d.ts'
[21:33:25.519] Adding entry into typings cache: 'highlight.js' => '/Users/kara.brightwell/Library/Caches/typescript/3.8/node_modules/@types/highlight.js/index.d.ts'
[21:33:25.522] Adding entry into typings cache: 'hogan.js' => '/Users/kara.brightwell/Library/Caches/typescript/3.8/node_modules/@types/hogan.js/index.d.ts'
[21:33:25.524] Adding entry into typings cache: 'hosted-git-info' => '/Users/kara.brightwell/Library/Caches/typescript/3.8/node_modules/@types/hosted-git-info/index.d.ts'
[21:33:25.526] Adding entry into typings cache: 'html-entities' => '/Users/kara.brightwell/Library/Caches/typescript/3.8/node_modules/@types/html-entities/index.d.ts'
[21:33:25.529] Adding entry into typings cache: 'htmlparser2' => '/Users/kara.brightwell/Library/Caches/typescript/3.8/node_modules/htmlparser2/lib/index.d.ts'
[21:33:25.531] Adding entry into typings cache: 'http-aws-es' => '/Users/kara.brightwell/Library/Caches/typescript/3.8/node_modules/@types/http-aws-es/index.d.ts'
[21:33:25.534] Adding entry into typings cache: 'http-errors' => '/Users/kara.brightwell/Library/Caches/typescript/3.8/node_modules/@types/http-errors/index.d.ts'
[21:33:25.536] Adding entry into typings cache: 'http-proxy' => '/Users/kara.brightwell/Library/Caches/typescript/3.8/node_modules/@types/http-proxy/index.d.ts'
[21:33:25.539] Adding entry into typings cache: 'imurmurhash' => '/Users/kara.brightwell/Library/Caches/typescript/3.8/node_modules/@types/imurmurhash/index.d.ts'
[21:33:25.541] Adding entry into typings cache: 'inherits' => '/Users/kara.brightwell/Library/Caches/typescript/3.8/node_modules/@types/inherits/index.d.ts'
[21:33:25.546] Adding entry into typings cache: 'ini' => '/Users/kara.brightwell/Library/Caches/typescript/3.8/node_modules/@types/ini/index.d.ts'
[21:33:25.549] Adding entry into typings cache: 'inquirer' => '/Users/kara.brightwell/Library/Caches/typescript/3.8/node_modules/@types/inquirer/index.d.ts'
[21:33:25.551] Adding entry into typings cache: 'internal-slot' => '/Users/kara.brightwell/Library/Caches/typescript/3.8/node_modules/@types/internal-slot/index.d.ts'
[21:33:25.554] Adding entry into typings cache: 'invariant' => '/Users/kara.brightwell/Library/Caches/typescript/3.8/node_modules/@types/invariant/ts3.7/index.d.ts'
[21:33:25.558] Adding entry into typings cache: 'is-alphanumerical' => '/Users/kara.brightwell/Library/Caches/typescript/3.8/node_modules/@types/is-alphanumerical/index.d.ts'
[21:33:25.560] Adding entry into typings cache: 'is-buffer' => '/Users/kara.brightwell/Library/Caches/typescript/3.8/node_modules/@types/is-buffer/index.d.ts'
[21:33:25.562] Adding entry into typings cache: 'is-callable' => '/Users/kara.brightwell/Library/Caches/typescript/3.8/node_modules/@types/is-callable/index.d.ts'
[21:33:25.566] Adding entry into typings cache: 'is-ci' => '/Users/kara.brightwell/Library/Caches/typescript/3.8/node_modules/@types/is-ci/index.d.ts'
[21:33:25.569] Adding entry into typings cache: 'is-date-object' => '/Users/kara.brightwell/Library/Caches/typescript/3.8/node_modules/@types/is-date-object/index.d.ts'
[21:33:25.571] Adding entry into typings cache: 'is-finite' => '/Users/kara.brightwell/Library/Caches/typescript/3.8/node_modules/@types/is-finite/index.d.ts'
[21:33:25.574] Adding entry into typings cache: 'is-glob' => '/Users/kara.brightwell/Library/Caches/typescript/3.8/node_modules/@types/is-glob/index.d.ts'
[21:33:25.577] Adding entry into typings cache: 'is-number' => '/Users/kara.brightwell/Library/Caches/typescript/3.8/node_modules/@types/is-number/index.d.ts'
[21:33:25.579] Adding entry into typings cache: 'is-regex' => '/Users/kara.brightwell/Library/Caches/typescript/3.8/node_modules/@types/is-regex/index.d.ts'
[21:33:25.582] Adding entry into typings cache: 'is-typedarray' => '/Users/kara.brightwell/Library/Caches/typescript/3.8/node_modules/@types/is-typedarray/index.d.ts'
[21:33:25.584] Adding entry into typings cache: 'is-windows' => '/Users/kara.brightwell/Library/Caches/typescript/3.8/node_modules/@types/is-windows/index.d.ts'
[21:33:25.589] Adding entry into typings cache: 'isarray' => '/Users/kara.brightwell/Library/Caches/typescript/3.8/node_modules/@types/isarray/index.d.ts'
[21:33:25.591] Adding entry into typings cache: 'isexe' => '/Users/kara.brightwell/Library/Caches/typescript/3.8/node_modules/@types/isexe/index.d.ts'
[21:33:25.594] Adding entry into typings cache: 'isomorphic-fetch' => '/Users/kara.brightwell/Library/Caches/typescript/3.8/node_modules/@types/isomorphic-fetch/index.d.ts'
[21:33:25.596] Adding entry into typings cache: 'isstream' => '/Users/kara.brightwell/Library/Caches/typescript/3.8/node_modules/@types/isstream/index.d.ts'
[21:33:25.599] Adding entry into typings cache: 'istanbul' => '/Users/kara.brightwell/Library/Caches/typescript/3.8/node_modules/@types/istanbul/index.d.ts'
[21:33:25.602] Adding entry into typings cache: 'jasmine' => '/Users/kara.brightwell/Library/Caches/typescript/3.8/node_modules/@types/jasmine/ts3.1/index.d.ts'
[21:33:25.605] Adding entry into typings cache: 'jest' => '/Users/kara.brightwell/Library/Caches/typescript/3.8/node_modules/@types/jest/index.d.ts'
[21:33:25.607] Adding entry into typings cache: 'js-base64' => '/Users/kara.brightwell/Library/Caches/typescript/3.8/node_modules/@types/js-base64/index.d.ts'
[21:33:25.618] Adding entry into typings cache: 'js-beautify' => '/Users/kara.brightwell/Library/Caches/typescript/3.8/node_modules/@types/js-beautify/index.d.ts'
[21:33:25.621] Adding entry into typings cache: 'js-cookie' => '/Users/kara.brightwell/Library/Caches/typescript/3.8/node_modules/@types/js-cookie/index.d.ts'
[21:33:25.625] Adding entry into typings cache: 'js-yaml' => '/Users/kara.brightwell/Library/Caches/typescript/3.8/node_modules/@types/js-yaml/index.d.ts'
[21:33:25.635] Adding entry into typings cache: 'jsdom' => '/Users/kara.brightwell/Library/Caches/typescript/3.8/node_modules/@types/jsdom/ts3.6/index.d.ts'
[21:33:25.639] Adding entry into typings cache: 'json-parse-better-errors' => '/Users/kara.brightwell/Library/Caches/typescript/3.8/node_modules/@types/json-parse-better-errors/index.d.ts'
[21:33:25.652] Adding entry into typings cache: 'json-schema-traverse' => '/Users/kara.brightwell/Library/Caches/typescript/3.8/node_modules/@types/json-schema-traverse/index.d.ts'
[21:33:25.659] Adding entry into typings cache: 'json-stringify-safe' => '/Users/kara.brightwell/Library/Caches/typescript/3.8/node_modules/@types/json-stringify-safe/index.d.ts'
[21:33:25.662] Adding entry into typings cache: 'json5' => '/Users/kara.brightwell/Library/Caches/typescript/3.8/node_modules/@types/json5/index.d.ts'
[21:33:25.667] Adding entry into typings cache: 'jsurl' => '/Users/kara.brightwell/Library/Caches/typescript/3.8/node_modules/@types/jsurl/index.d.ts'
[21:33:25.674] Adding entry into typings cache: 'kind-of' => '/Users/kara.brightwell/Library/Caches/typescript/3.8/node_modules/@types/kind-of/index.d.ts'
[21:33:25.683] Adding entry into typings cache: 'libxmljs' => '/Users/kara.brightwell/Library/Caches/typescript/3.8/node_modules/@types/libxmljs/index.d.ts'
[21:33:25.693] Adding entry into typings cache: 'lodash' => '/Users/kara.brightwell/Library/Caches/typescript/3.8/node_modules/@types/lodash/ts3.1/index.d.ts'
[21:33:25.696] Adding entry into typings cache: 'lodash.assignin' => '/Users/kara.brightwell/Library/Caches/typescript/3.8/node_modules/@types/lodash.assignin/index.d.ts'
[21:33:25.699] Adding entry into typings cache: 'lodash.bind' => '/Users/kara.brightwell/Library/Caches/typescript/3.8/node_modules/@types/lodash.bind/index.d.ts'
[21:33:25.702] Adding entry into typings cache: 'lodash.debounce' => '/Users/kara.brightwell/Library/Caches/typescript/3.8/node_modules/@types/lodash.debounce/index.d.ts'
[21:33:25.704] Adding entry into typings cache: 'lodash.defaults' => '/Users/kara.brightwell/Library/Caches/typescript/3.8/node_modules/@types/lodash.defaults/index.d.ts'
[21:33:25.707] Adding entry into typings cache: 'lodash.every' => '/Users/kara.brightwell/Library/Caches/typescript/3.8/node_modules/@types/lodash.every/index.d.ts'
[21:33:25.710] Adding entry into typings cache: 'lodash.find' => '/Users/kara.brightwell/Library/Caches/typescript/3.8/node_modules/@types/lodash.find/index.d.ts'
[21:33:25.713] Adding entry into typings cache: 'lodash.foreach' => '/Users/kara.brightwell/Library/Caches/typescript/3.8/node_modules/@types/lodash.foreach/index.d.ts'
[21:33:25.716] Adding entry into typings cache: 'lodash.frompairs' => '/Users/kara.brightwell/Library/Caches/typescript/3.8/node_modules/@types/lodash.frompairs/index.d.ts'
[21:33:25.719] Adding entry into typings cache: 'lodash.get' => '/Users/kara.brightwell/Library/Caches/typescript/3.8/node_modules/@types/lodash.get/index.d.ts'
[21:33:25.722] Adding entry into typings cache: 'lodash.groupby' => '/Users/kara.brightwell/Library/Caches/typescript/3.8/node_modules/@types/lodash.groupby/index.d.ts'
[21:33:25.725] Adding entry into typings cache: 'lodash.has' => '/Users/kara.brightwell/Library/Caches/typescript/3.8/node_modules/@types/lodash.has/index.d.ts'
[21:33:25.730] Adding entry into typings cache: 'lodash.invertby' => '/Users/kara.brightwell/Library/Caches/typescript/3.8/node_modules/@types/lodash.invertby/index.d.ts'
[21:33:25.733] Adding entry into typings cache: 'lodash.isequal' => '/Users/kara.brightwell/Library/Caches/typescript/3.8/node_modules/@types/lodash.isequal/index.d.ts'
[21:33:25.736] Adding entry into typings cache: 'lodash.iteratee' => '/Users/kara.brightwell/Library/Caches/typescript/3.8/node_modules/@types/lodash.iteratee/index.d.ts'
[21:33:25.740] Adding entry into typings cache: 'lodash.keyby' => '/Users/kara.brightwell/Library/Caches/typescript/3.8/node_modules/@types/lodash.keyby/index.d.ts'
[21:33:25.743] Adding entry into typings cache: 'lodash.mapvalues' => '/Users/kara.brightwell/Library/Caches/typescript/3.8/node_modules/@types/lodash.mapvalues/index.d.ts'
[21:33:25.746] Adding entry into typings cache: 'lodash.maxby' => '/Users/kara.brightwell/Library/Caches/typescript/3.8/node_modules/@types/lodash.maxby/index.d.ts'
[21:33:25.749] Adding entry into typings cache: 'lodash.min' => '/Users/kara.brightwell/Library/Caches/typescript/3.8/node_modules/@types/lodash.min/index.d.ts'
[21:33:25.752] Adding entry into typings cache: 'lodash.minby' => '/Users/kara.brightwell/Library/Caches/typescript/3.8/node_modules/@types/lodash.minby/index.d.ts'
[21:33:25.756] Adding entry into typings cache: 'lodash.orderby' => '/Users/kara.brightwell/Library/Caches/typescript/3.8/node_modules/@types/lodash.orderby/index.d.ts'
[21:33:25.758] Adding entry into typings cache: 'lodash.pad' => '/Users/kara.brightwell/Library/Caches/typescript/3.8/node_modules/@types/lodash.pad/index.d.ts'
[21:33:25.760] Adding entry into typings cache: 'lodash.padend' => '/Users/kara.brightwell/Library/Caches/typescript/3.8/node_modules/@types/lodash.padend/index.d.ts'
[21:33:25.763] Adding entry into typings cache: 'lodash.padstart' => '/Users/kara.brightwell/Library/Caches/typescript/3.8/node_modules/@types/lodash.padstart/index.d.ts'
[21:33:25.766] Adding entry into typings cache: 'lodash.pickby' => '/Users/kara.brightwell/Library/Caches/typescript/3.8/node_modules/@types/lodash.pickby/index.d.ts'
[21:33:25.769] Adding entry into typings cache: 'lodash.range' => '/Users/kara.brightwell/Library/Caches/typescript/3.8/node_modules/@types/lodash.range/index.d.ts'
[21:33:25.771] Adding entry into typings cache: 'lodash.reduce' => '/Users/kara.brightwell/Library/Caches/typescript/3.8/node_modules/@types/lodash.reduce/index.d.ts'
[21:33:25.773] Adding entry into typings cache: 'lodash.sortby' => '/Users/kara.brightwell/Library/Caches/typescript/3.8/node_modules/@types/lodash.sortby/index.d.ts'
[21:33:25.776] Adding entry into typings cache: 'lodash.values' => '/Users/kara.brightwell/Library/Caches/typescript/3.8/node_modules/@types/lodash.values/index.d.ts'
[21:33:25.778] Adding entry into typings cache: 'lodash.zipobject' => '/Users/kara.brightwell/Library/Caches/typescript/3.8/node_modules/@types/lodash.zipobject/index.d.ts'
[21:33:25.781] Adding entry into typings cache: 'lodash.zipwith' => '/Users/kara.brightwell/Library/Caches/typescript/3.8/node_modules/@types/lodash.zipwith/index.d.ts'
[21:33:25.783] Adding entry into typings cache: 'lowlight' => '/Users/kara.brightwell/Library/Caches/typescript/3.8/node_modules/@types/lowlight/index.d.ts'
[21:33:25.785] Adding entry into typings cache: 'lru-cache' => '/Users/kara.brightwell/Library/Caches/typescript/3.8/node_modules/@types/lru-cache/index.d.ts'
[21:33:25.788] Adding entry into typings cache: 'md5-file' => '/Users/kara.brightwell/Library/Caches/typescript/3.8/node_modules/@types/md5-file/index.d.ts'
[21:33:25.790] Adding entry into typings cache: 'mdx-js__react' => '/Users/kara.brightwell/Library/Caches/typescript/3.8/node_modules/@types/mdx-js__react/index.d.ts'
[21:33:25.792] Adding entry into typings cache: 'merge-descriptors' => '/Users/kara.brightwell/Library/Caches/typescript/3.8/node_modules/@types/merge-descriptors/index.d.ts'
[21:33:25.795] Adding entry into typings cache: 'merge-stream' => '/Users/kara.brightwell/Library/Caches/typescript/3.8/node_modules/@types/merge-stream/index.d.ts'
[21:33:25.799] Adding entry into typings cache: 'meteor' => '/Users/kara.brightwell/Library/Caches/typescript/3.8/node_modules/@types/meteor/index.d.ts'
[21:33:25.803] Adding entry into typings cache: 'mime-db' => '/Users/kara.brightwell/Library/Caches/typescript/3.8/node_modules/@types/mime-db/index.d.ts'
[21:33:25.807] Adding entry into typings cache: 'mime-types' => '/Users/kara.brightwell/Library/Caches/typescript/3.8/node_modules/@types/mime-types/index.d.ts'
[21:33:25.810] Adding entry into typings cache: 'mini-css-extract-plugin' => '/Users/kara.brightwell/Library/Caches/typescript/3.8/node_modules/@types/mini-css-extract-plugin/index.d.ts'
[21:33:25.812] Adding entry into typings cache: 'minimatch' => '/Users/kara.brightwell/Library/Caches/typescript/3.8/node_modules/@types/minimatch/index.d.ts'
[21:33:25.817] Adding entry into typings cache: 'minimist' => '/Users/kara.brightwell/Library/Caches/typescript/3.8/node_modules/@types/minimist/index.d.ts'
[21:33:25.821] Adding entry into typings cache: 'mitm' => '/Users/kara.brightwell/Library/Caches/typescript/3.8/node_modules/@types/mitm/index.d.ts'
[21:33:25.823] Adding entry into typings cache: 'mkdirp' => '/Users/kara.brightwell/Library/Caches/typescript/3.8/node_modules/@types/mkdirp/index.d.ts'
[21:33:25.825] Adding entry into typings cache: 'mocha' => '/Users/kara.brightwell/Library/Caches/typescript/3.8/node_modules/@types/mocha/index.d.ts'
[21:33:25.827] Adding entry into typings cache: 'morgan' => '/Users/kara.brightwell/Library/Caches/typescript/3.8/node_modules/@types/morgan/index.d.ts'
[21:33:25.832] Adding entry into typings cache: 'ms' => '/Users/kara.brightwell/Library/Caches/typescript/3.8/node_modules/@types/ms/index.d.ts'
[21:33:25.835] Adding entry into typings cache: 'mute-stream' => '/Users/kara.brightwell/Library/Caches/typescript/3.8/node_modules/@types/mute-stream/index.d.ts'
[21:33:25.837] Adding entry into typings cache: 'natural-compare' => '/Users/kara.brightwell/Library/Caches/typescript/3.8/node_modules/@types/natural-compare/index.d.ts'
[21:33:25.839] Adding entry into typings cache: 'ndarray' => '/Users/kara.brightwell/Library/Caches/typescript/3.8/node_modules/@types/ndarray/index.d.ts'
[21:33:25.842] Adding entry into typings cache: 'negotiator' => '/Users/kara.brightwell/Library/Caches/typescript/3.8/node_modules/@types/negotiator/index.d.ts'
[21:33:25.844] Adding entry into typings cache: 'nice-try' => '/Users/kara.brightwell/Library/Caches/typescript/3.8/node_modules/@types/nice-try/index.d.ts'
[21:33:25.846] Adding entry into typings cache: 'node-fetch' => '/Users/kara.brightwell/Library/Caches/typescript/3.8/node_modules/@types/node-fetch/index.d.ts'
[21:33:25.849] Adding entry into typings cache: 'node-sass' => '/Users/kara.brightwell/Library/Caches/typescript/3.8/node_modules/@types/node-sass/index.d.ts'
[21:33:25.851] Adding entry into typings cache: 'nodemon' => '/Users/kara.brightwell/Library/Caches/typescript/3.8/node_modules/@types/nodemon/index.d.ts'
[21:33:25.853] Adding entry into typings cache: 'nopt' => '/Users/kara.brightwell/Library/Caches/typescript/3.8/node_modules/@types/nopt/index.d.ts'
[21:33:25.855] Adding entry into typings cache: 'normalize-path' => '/Users/kara.brightwell/Library/Caches/typescript/3.8/node_modules/@types/normalize-path/index.d.ts'
[21:33:25.858] Adding entry into typings cache: 'object-assign' => '/Users/kara.brightwell/Library/Caches/typescript/3.8/node_modules/@types/object-assign/index.d.ts'
[21:33:25.861] Adding entry into typings cache: 'object-hash' => '/Users/kara.brightwell/Library/Caches/typescript/3.8/node_modules/@types/object-hash/index.d.ts'
[21:33:25.863] Adding entry into typings cache: 'object-inspect' => '/Users/kara.brightwell/Library/Caches/typescript/3.8/node_modules/@types/object-inspect/index.d.ts'
[21:33:25.868] Adding entry into typings cache: 'object-keys' => '/Users/kara.brightwell/Library/Caches/typescript/3.8/node_modules/@types/object-keys/index.d.ts'
[21:33:25.870] Adding entry into typings cache: 'on-finished' => '/Users/kara.brightwell/Library/Caches/typescript/3.8/node_modules/@types/on-finished/index.d.ts'
[21:33:25.872] Adding entry into typings cache: 'on-headers' => '/Users/kara.brightwell/Library/Caches/typescript/3.8/node_modules/@types/on-headers/index.d.ts'
[21:33:25.876] Adding entry into typings cache: 'once' => '/Users/kara.brightwell/Library/Caches/typescript/3.8/node_modules/@types/once/index.d.ts'
[21:33:25.879] Adding entry into typings cache: 'os-tmpdir' => '/Users/kara.brightwell/Library/Caches/typescript/3.8/node_modules/@types/os-tmpdir/index.d.ts'
[21:33:25.881] Adding entry into typings cache: 'parcel-bundler' => '/Users/kara.brightwell/Library/Caches/typescript/3.8/node_modules/@types/parcel-bundler/index.d.ts'
[21:33:25.884] Adding entry into typings cache: 'parse-json' => '/Users/kara.brightwell/Library/Caches/typescript/3.8/node_modules/@types/parse-json/index.d.ts'
[21:33:25.886] Adding entry into typings cache: 'path-is-absolute' => '/Users/kara.brightwell/Library/Caches/typescript/3.8/node_modules/@types/path-is-absolute/index.d.ts'
[21:33:25.889] Adding entry into typings cache: 'path-is-inside' => '/Users/kara.brightwell/Library/Caches/typescript/3.8/node_modules/@types/path-is-inside/index.d.ts'
[21:33:25.891] Adding entry into typings cache: 'path-parse' => '/Users/kara.brightwell/Library/Caches/typescript/3.8/node_modules/@types/path-parse/index.d.ts'
[21:33:25.893] Adding entry into typings cache: 'picomatch' => '/Users/kara.brightwell/Library/Caches/typescript/3.8/node_modules/@types/picomatch/index.d.ts'
[21:33:25.898] Adding entry into typings cache: 'pify' => '/Users/kara.brightwell/Library/Caches/typescript/3.8/node_modules/@types/pify/index.d.ts'
[21:33:25.912] Adding entry into typings cache: 'pluralize' => '/Users/kara.brightwell/Library/Caches/typescript/3.8/node_modules/@types/pluralize/index.d.ts'
[21:33:25.915] Adding entry into typings cache: 'prelude-ls' => '/Users/kara.brightwell/Library/Caches/typescript/3.8/node_modules/@types/prelude-ls/index.d.ts'
[21:33:25.918] Adding entry into typings cache: 'prettier' => '/Users/kara.brightwell/Library/Caches/typescript/3.8/node_modules/@types/prettier/index.d.ts'
[21:33:25.922] Adding entry into typings cache: 'progress' => '/Users/kara.brightwell/Library/Caches/typescript/3.8/node_modules/@types/progress/index.d.ts'
[21:33:25.923] Adding entry into typings cache: 'prop-types' => '/Users/kara.brightwell/Library/Caches/typescript/3.8/node_modules/@types/prop-types/index.d.ts'
[21:33:25.926] Adding entry into typings cache: 'proxyquire' => '/Users/kara.brightwell/Library/Caches/typescript/3.8/node_modules/@types/proxyquire/index.d.ts'
[21:33:25.930] Adding entry into typings cache: 'punycode' => '/Users/kara.brightwell/Library/Caches/typescript/3.8/node_modules/@types/punycode/index.d.ts'
[21:33:25.932] Adding entry into typings cache: 'puppeteer' => '/Users/kara.brightwell/Library/Caches/typescript/3.8/node_modules/@types/puppeteer/index.d.ts'
[21:33:25.935] Adding entry into typings cache: 'raf' => '/Users/kara.brightwell/Library/Caches/typescript/3.8/node_modules/@types/raf/index.d.ts'
[21:33:25.940] Adding entry into typings cache: 'raven' => '/Users/kara.brightwell/Library/Caches/typescript/3.8/node_modules/@types/raven/index.d.ts'
[21:33:25.941] Adding entry into typings cache: 'react' => '/Users/kara.brightwell/Library/Caches/typescript/3.8/node_modules/@types/react/index.d.ts'
[21:33:25.942] Adding entry into typings cache: 'react-dom' => '/Users/kara.brightwell/Library/Caches/typescript/3.8/node_modules/@types/react-dom/index.d.ts'
[21:33:25.945] Adding entry into typings cache: 'react-grid-layout' => '/Users/kara.brightwell/Library/Caches/typescript/3.8/node_modules/@types/react-grid-layout/index.d.ts'
[21:33:25.948] Adding entry into typings cache: 'react-helmet' => '/Users/kara.brightwell/Library/Caches/typescript/3.8/node_modules/@types/react-helmet/index.d.ts'
[21:33:25.956] Adding entry into typings cache: 'react-is' => '/Users/kara.brightwell/Library/Caches/typescript/3.8/node_modules/@types/react-is/index.d.ts'
[21:33:25.959] Adding entry into typings cache: 'react-modal' => '/Users/kara.brightwell/Library/Caches/typescript/3.8/node_modules/@types/react-modal/index.d.ts'
[21:33:25.963] Adding entry into typings cache: 'react-popover' => '/Users/kara.brightwell/Library/Caches/typescript/3.8/node_modules/@types/react-popover/index.d.ts'
[21:33:25.965] Adding entry into typings cache: 'react-portal' => '/Users/kara.brightwell/Library/Caches/typescript/3.8/node_modules/@types/react-portal/index.d.ts'
[21:33:25.967] Adding entry into typings cache: 'react-resizable' => '/Users/kara.brightwell/Library/Caches/typescript/3.8/node_modules/@types/react-resizable/index.d.ts'
[21:33:25.971] Adding entry into typings cache: 'react-test-renderer' => '/Users/kara.brightwell/Library/Caches/typescript/3.8/node_modules/@types/react-test-renderer/index.d.ts'
[21:33:25.974] Adding entry into typings cache: 'request' => '/Users/kara.brightwell/Library/Caches/typescript/3.8/node_modules/@types/request/index.d.ts'
[21:33:25.976] Adding entry into typings cache: 'require-directory' => '/Users/kara.brightwell/Library/Caches/typescript/3.8/node_modules/@types/require-directory/index.d.ts'
[21:33:25.979] Adding entry into typings cache: 'resolve' => '/Users/kara.brightwell/Library/Caches/typescript/3.8/node_modules/@types/resolve/index.d.ts'
[21:33:25.984] Adding entry into typings cache: 'rimraf' => '/Users/kara.brightwell/Library/Caches/typescript/3.8/node_modules/@types/rimraf/index.d.ts'
[21:33:25.987] Adding entry into typings cache: 'rss' => '/Users/kara.brightwell/Library/Caches/typescript/3.8/node_modules/@types/rss/index.d.ts'
[21:33:25.989] Adding entry into typings cache: 'run-parallel' => '/Users/kara.brightwell/Library/Caches/typescript/3.8/node_modules/@types/run-parallel/index.d.ts'
[21:33:25.991] Adding entry into typings cache: 'rx-lite' => '/Users/kara.brightwell/Library/Caches/typescript/3.8/node_modules/@types/rx-lite/index.d.ts'
[21:33:25.996] Adding entry into typings cache: 'rx-lite-aggregates' => '/Users/kara.brightwell/Library/Caches/typescript/3.8/node_modules/@types/rx-lite-aggregates/index.d.ts'
[21:33:26.0] Adding entry into typings cache: 'safer-buffer' => '/Users/kara.brightwell/Library/Caches/typescript/3.8/node_modules/@types/safer-buffer/index.d.ts'
[21:33:26.2] Adding entry into typings cache: 'sanitize-html' => '/Users/kara.brightwell/Library/Caches/typescript/3.8/node_modules/@types/sanitize-html/index.d.ts'
[21:33:26.5] Adding entry into typings cache: 'sass' => '/Users/kara.brightwell/Library/Caches/typescript/3.8/node_modules/@types/sass/index.d.ts'
[21:33:26.7] Adding entry into typings cache: 'sass-loader' => '/Users/kara.brightwell/Library/Caches/typescript/3.8/node_modules/@types/sass-loader/index.d.ts'
[21:33:26.16] Adding entry into typings cache: 'seedrandom' => '/Users/kara.brightwell/Library/Caches/typescript/3.8/node_modules/@types/seedrandom/index.d.ts'
[21:33:26.22] Adding entry into typings cache: 'semver' => '/Users/kara.brightwell/Library/Caches/typescript/3.8/node_modules/@types/semver/index.d.ts'
[21:33:26.26] Adding entry into typings cache: 'semver-compare' => '/Users/kara.brightwell/Library/Caches/typescript/3.8/node_modules/@types/semver-compare/index.d.ts'
[21:33:26.34] Adding entry into typings cache: 'serialize-javascript' => '/Users/kara.brightwell/Library/Caches/typescript/3.8/node_modules/@types/serialize-javascript/index.d.ts'
[21:33:26.37] Adding entry into typings cache: 'serve-static' => '/Users/kara.brightwell/Library/Caches/typescript/3.8/node_modules/@types/serve-static/index.d.ts'
[21:33:26.39] Adding entry into typings cache: 'serverless' => '/Users/kara.brightwell/Library/Caches/typescript/3.8/node_modules/@types/serverless/index.d.ts'
[21:33:26.42] Adding entry into typings cache: 'shebang-command' => '/Users/kara.brightwell/Library/Caches/typescript/3.8/node_modules/@types/shebang-command/index.d.ts'
[21:33:26.45] Adding entry into typings cache: 'signal-exit' => '/Users/kara.brightwell/Library/Caches/typescript/3.8/node_modules/@types/signal-exit/index.d.ts'
[21:33:26.50] Adding entry into typings cache: 'sinon' => '/Users/kara.brightwell/Library/Caches/typescript/3.8/node_modules/@types/sinon/ts3.1/index.d.ts'
[21:33:26.52] Adding entry into typings cache: 'sinon-chai' => '/Users/kara.brightwell/Library/Caches/typescript/3.8/node_modules/@types/sinon-chai/index.d.ts'
[21:33:26.55] Adding entry into typings cache: 'sprintf' => '/Users/kara.brightwell/Library/Caches/typescript/3.8/node_modules/@types/sprintf/index.d.ts'
[21:33:26.57] Adding entry into typings cache: 'stack-trace' => '/Users/kara.brightwell/Library/Caches/typescript/3.8/node_modules/@types/stack-trace/index.d.ts'
[21:33:26.60] Adding entry into typings cache: 'statuses' => '/Users/kara.brightwell/Library/Caches/typescript/3.8/node_modules/@types/statuses/index.d.ts'
[21:33:26.63] Adding entry into typings cache: 'string-hash' => '/Users/kara.brightwell/Library/Caches/typescript/3.8/node_modules/@types/string-hash/index.d.ts'
[21:33:26.66] Adding entry into typings cache: 'strong-cluster-control' => '/Users/kara.brightwell/Library/Caches/typescript/3.8/node_modules/@types/strong-cluster-control/index.d.ts'
[21:33:26.69] Adding entry into typings cache: 'styled-components' => '/Users/kara.brightwell/Library/Caches/typescript/3.8/node_modules/@types/styled-components/ts3.7/index.d.ts'
[21:33:26.71] Adding entry into typings cache: 'stylelint' => '/Users/kara.brightwell/Library/Caches/typescript/3.8/node_modules/@types/stylelint/index.d.ts'
[21:33:26.74] Adding entry into typings cache: 'superagent' => '/Users/kara.brightwell/Library/Caches/typescript/3.8/node_modules/@types/superagent/index.d.ts'
[21:33:26.77] Adding entry into typings cache: 'supertest' => '/Users/kara.brightwell/Library/Caches/typescript/3.8/node_modules/@types/supertest/index.d.ts'
[21:33:26.79] Adding entry into typings cache: 'throng' => '/Users/kara.brightwell/Library/Caches/typescript/3.8/node_modules/@types/throng/index.d.ts'
[21:33:26.82] Adding entry into typings cache: 'tmp' => '/Users/kara.brightwell/Library/Caches/typescript/3.8/node_modules/@types/tmp/index.d.ts'
[21:33:26.84] Adding entry into typings cache: 'tryer' => '/Users/kara.brightwell/Library/Caches/typescript/3.8/node_modules/@types/tryer/index.d.ts'
[21:33:26.87] Adding entry into typings cache: 'ua-parser-js' => '/Users/kara.brightwell/Library/Caches/typescript/3.8/node_modules/@types/ua-parser-js/index.d.ts'
[21:33:26.89] Adding entry into typings cache: 'underscore.string' => '/Users/kara.brightwell/Library/Caches/typescript/3.8/node_modules/@types/underscore.string/index.d.ts'
[21:33:26.93] Adding entry into typings cache: 'uuid' => '/Users/kara.brightwell/Library/Caches/typescript/3.8/node_modules/@types/uuid/index.d.ts'
[21:33:26.96] Adding entry into typings cache: 'vec3' => '/Users/kara.brightwell/Library/Caches/typescript/3.8/node_modules/@types/vec3/index.d.ts'
[21:33:26.98] Adding entry into typings cache: 'webpack' => '/Users/kara.brightwell/Library/Caches/typescript/3.8/node_modules/@types/webpack/index.d.ts'
[21:33:26.101] Adding entry into typings cache: 'webpack-assets-manifest' => '/Users/kara.brightwell/Library/Caches/typescript/3.8/node_modules/@types/webpack-assets-manifest/index.d.ts'
[21:33:26.106] Adding entry into typings cache: 'xml2js' => '/Users/kara.brightwell/Library/Caches/typescript/3.8/node_modules/@types/xml2js/index.d.ts'
[21:33:26.109] Adding entry into typings cache: 'yargs' => '/Users/kara.brightwell/Library/Caches/typescript/3.8/node_modules/@types/yargs/index.d.ts'
[21:33:26.109] Finished processing cache location '/Users/kara.brightwell/Library/Caches/typescript/3.8'
[21:33:26.109] Process id: 1961
[21:33:26.109] NPM location: /usr/local/Cellar/node/14.4.0/bin/npm (explicit '--npmLocation' not  provided)
[21:33:26.109] validateDefaultNpmLocation: false
[21:33:26.109] Npm config file: /Users/kara.brightwell/Library/Caches/typescript/3.8/package.json
[21:33:26.110] Updating types-registry npm package...
[21:33:26.110] Exec: /usr/local/Cellar/node/14.4.0/bin/npm install --ignore-scripts types-registry@latest
[21:33:26.120]     Failed. stdout:
    
    stderr:
    /bin/sh: /usr/local/Cellar/node/14.4.0/bin/npm: No such file or directory
    
[21:33:26.120] Updated types-registry npm package
[21:33:27.355] Got install request {"projectName":"/dev/null/inferredProject1*","fileNames":["/usr/local/lib/node_modules/typescript/lib/lib.d.ts","/usr/local/lib/node_modules/typescript/lib/lib.es5.d.ts","/usr/local/lib/node_modules/typescript/lib/lib.dom.d.ts","/usr/local/lib/node_modules/typescript/lib/lib.webworker.importscripts.d.ts","/usr/local/lib/node_modules/typescript/lib/lib.scripthost.d.ts","/Users/kara.brightwell/Projects/fledgling/app/javascript/packs/hello_react.jsx"],"compilerOptions":{"target":1,"jsx":1,"allowNonTsExtensions":true,"allowJs":true,"noEmitForJsFiles":true,"maxNodeModuleJsDepth":2},"typeAcquisition":{"enable":true,"include":[],"exclude":[]},"unresolvedImports":[],"projectRootPath":"/Users/kara.brightwell/Projects/fledgling/app/javascript/packs","kind":"discover"}
[21:33:27.358] Loaded safelist from types map file '/usr/local/lib/node_modules/typescript/lib/typesmap.json'
[21:33:27.358] Explicitly included types: []
[21:33:27.359] Inferred 'react' typings due to presence of '.jsx' extension
[21:33:27.359] Inferred typings from unresolved imports: []
[21:33:27.360] Result: {"cachedTypingPaths":[],"newTypingNames":["react"],"filesToWatch":["/Users/kara.brightwell/Projects/fledgling/app/javascript/packs/bower_components","/Users/kara.brightwell/Projects/fledgling/app/javascript/packs/node_modules"]}
[21:33:27.360] Finished typings discovery: {"cachedTypingPaths":[],"newTypingNames":["react"],"filesToWatch":["/Users/kara.brightwell/Projects/fledgling/app/javascript/packs/bower_components","/Users/kara.brightwell/Projects/fledgling/app/javascript/packs/node_modules"]}
[21:33:27.361] DirectoryWatcher:: Added:: WatchInfo: /Users/kara.brightwell/Projects/fledgling/app/javascript/packs/bower_components
[21:33:27.362] DirectoryWatcher:: Added:: WatchInfo: /Users/kara.brightwell/Projects/fledgling/app/javascript/packs/node_modules
[21:33:27.362] Installing typings ["react"]
[21:33:27.362] Npm config file: /Users/kara.brightwell/Library/Caches/typescript/3.8/package.json
[21:33:27.363] Sending response:
    {"kind":"event::beginInstallTypes","eventId":1,"typingsInstallerVersion":"3.8.3","projectName":"/dev/null/inferredProject1*"}
[21:33:27.363] Response has been sent.
[21:33:27.363] #1 with arguments'["@types/react@ts3.8"]'.
[21:33:27.363] Exec: /usr/local/Cellar/node/14.4.0/bin/npm install --ignore-scripts @types/react@ts3.8 --save-dev --user-agent="typesInstaller/3.8.3"
[21:33:27.370]     Failed. stdout:
    
    stderr:
    /bin/sh: /usr/local/Cellar/node/14.4.0/bin/npm: No such file or directory
    
[21:33:27.371] npm install #1 took: 8 ms
[21:33:27.371] install request failed, marking packages as missing to prevent repeated requests: ["react"]
[21:33:27.371] Sending response:
    {"kind":"event::endInstallTypes","eventId":1,"projectName":"/dev/null/inferredProject1*","packagesToInstall":["@types/react@ts3.8"],"installSuccess":false,"typingsInstallerVersion":"3.8.3"}
[21:33:27.371] Response has been sent.
